<?xml version="1.0" encoding="UTF-8"?>
<!-- Generated by org.testng.reporters.JUnitReportReporter -->
<testsuite hostname="DESKTOP-DJ4FDME" failures="0" tests="1" name="org.wipro.automation.aumw.basePkg.InitiateBrowser" time="4.978" errors="0" timestamp="2024-11-22T20:52:34 IST" skipped="0">
  <testcase classname="org.wipro.automation.aumw.basePkg.InitiateBrowser" name="launchBrowser" time="4.978"/>
</testsuite> <!-- org.wipro.automation.aumw.basePkg.InitiateBrowser -->
