<?xml version="1.0" encoding="UTF-8"?>
<!-- Generated by org.testng.reporters.JUnitReportReporter -->
<testsuite hostname="DESKTOP-DJ4FDME" failures="0" tests="1" name="org.xyz.automation.proj.BrowserHandling" time="21.704" errors="0" timestamp="2024-11-21T20:33:50 IST" skipped="0">
  <testcase classname="org.xyz.automation.proj.BrowserHandling" name="launchBrowser" time="21.704"/>
</testsuite> <!-- org.xyz.automation.proj.BrowserHandling -->
