<?xml version="1.0" encoding="UTF-8"?>
<!-- Generated by org.testng.reporters.JUnitReportReporter -->
<testsuite hostname="DESKTOP-DJ4FDME" failures="0" tests="1" name="org.wipro.automation.aumw.testcases.LoginScenario" time="4.665" errors="0" timestamp="2024-11-25T20:39:02 IST" skipped="0">
  <testcase classname="org.wipro.automation.aumw.testcases.LoginScenario" name="tc01_validatvalidcrednt_loginfunct" time="4.665"/>
</testsuite> <!-- org.wipro.automation.aumw.testcases.LoginScenario -->
