<?xml version="1.0" encoding="UTF-8"?>
<!-- Generated by org.testng.reporters.JUnitReportReporter -->
<testsuite hostname="DESKTOP-DJ4FDME" failures="0" tests="2" name="org.xyz.automation.proj.LoginScenario" time="9.160" errors="0" timestamp="2024-11-21T20:33:50 IST" skipped="0">
  <testcase classname="org.xyz.automation.proj.LoginScenario" name="validate_signup_functionality" time="5.518"/>
  <testcase classname="org.xyz.automation.proj.LoginScenario" name="validate_login_functionality" time="3.642"/>
</testsuite> <!-- org.xyz.automation.proj.LoginScenario -->
