<?xml version="1.0" encoding="UTF-8"?>
<!-- Generated by org.testng.reporters.JUnitReportReporter -->
<testsuite hostname="DESKTOP-DJ4FDME" failures="0" tests="4" name="org.xyz.automation.proj.HandleKBMS_Wins" time="19.166" errors="0" timestamp="2024-11-21T20:33:50 IST" skipped="3">
  <testcase classname="org.xyz.automation.proj.HandleKBMS_Wins" name="handleFrames" time="19.166"/>
  <testcase classname="org.xyz.automation.proj.HandleKBMS_Wins" name="handleKB">
    <skipped/>
  </testcase> <!-- handleKB -->
  <testcase classname="org.xyz.automation.proj.HandleKBMS_Wins" name="handleMouse">
    <skipped/>
  </testcase> <!-- handleMouse -->
  <testcase classname="org.xyz.automation.proj.HandleKBMS_Wins" name="handleAlerts">
    <skipped/>
  </testcase> <!-- handleAlerts -->
</testsuite> <!-- org.xyz.automation.proj.HandleKBMS_Wins -->
