<?xml version="1.0" encoding="UTF-8"?>
<!-- Generated by org.testng.reporters.JUnitReportReporter -->
<testsuite hostname="DESKTOP-DJ4FDME" failures="0" tests="1" name="org.wipro.automation.aumw.testcases.SignupScenario" time="4.867" errors="0" timestamp="2024-11-25T20:59:21 IST" skipped="0">
  <testcase classname="org.wipro.automation.aumw.testcases.SignupScenario" name="tc02_validatsignupfunct" time="4.867"/>
</testsuite> <!-- org.wipro.automation.aumw.testcases.SignupScenario -->
