<?xml version="1.0" encoding="UTF-8"?>
<!-- Generated by org.testng.reporters.JUnitReportReporter -->
<testsuite hostname="DESKTOP-DJ4FDME" failures="0" tests="3" name="org.wipro.automation.aumw.testcases.LoginScenario" time="14.622" errors="0" timestamp="2024-11-26T20:42:03 IST" skipped="0">
  <testcase classname="org.wipro.automation.aumw.testcases.LoginScenario" name="tc01_loginfunct" time="4.144"/>
  <testcase classname="org.wipro.automation.aumw.testcases.LoginScenario" name="tc01_loginfunct" time="4.256"/>
  <testcase classname="org.wipro.automation.aumw.testcases.LoginScenario" name="tc01_loginfunct" time="6.222"/>
</testsuite> <!-- org.wipro.automation.aumw.testcases.LoginScenario -->
