<?xml version="1.0" encoding="UTF-8"?>
<!-- Generated by org.testng.reporters.JUnitReportReporter -->
<testsuite hostname="DESKTOP-DJ4FDME" failures="0" tests="7" name="demoTestNG.TestScenario5" time="0.010" errors="0" timestamp="2024-11-21T20:33:50 IST" skipped="0">
  <testcase classname="demoTestNG.TestScenario5" name="first_testcase" time="0.001"/>
  <testcase classname="demoTestNG.TestScenario5" name="fifth_testcase" time="0.002"/>
  <testcase classname="demoTestNG.TestScenario5" name="forth_testcase" time="0.001"/>
  <testcase classname="demoTestNG.TestScenario5" name="seventh_testcase" time="0.002"/>
  <testcase classname="demoTestNG.TestScenario5" name="third_testcase" time="0.001"/>
  <testcase classname="demoTestNG.TestScenario5" name="second_testcase" time="0.001"/>
  <testcase classname="demoTestNG.TestScenario5" name="sixth_testcase" time="0.002"/>
</testsuite> <!-- demoTestNG.TestScenario5 -->
